TN:
SF:tsup.config.ts
FN:1,(empty-report)
FNF:1
FNH:0
FNDA:0,(empty-report)
DA:1,0
DA:3,0
DA:4,0
DA:5,0
DA:6,0
DA:7,0
DA:8,0
DA:9,0
DA:10,0
DA:11,0
DA:12,0
LF:11
LH:0
BRDA:1,0,0,0
BRF:1
BRH:0
end_of_record
TN:
SF:vitest.config.ts
FN:1,(empty-report)
FNF:1
FNH:0
FNDA:0,(empty-report)
DA:1,0
DA:3,0
DA:4,0
DA:5,0
DA:6,0
DA:7,0
DA:8,0
DA:9,0
DA:10,0
DA:11,0
DA:12,0
DA:13,0
DA:14,0
DA:15,0
DA:16,0
DA:17,0
DA:18,0
DA:19,0
LF:18
LH:0
BRDA:1,0,0,0
BRF:1
BRH:0
end_of_record
TN:
SF:src\constants.ts
FN:1,(empty-report)
FNF:1
FNH:0
FNDA:0,(empty-report)
DA:1,0
DA:2,0
DA:3,0
DA:4,0
DA:5,0
DA:6,0
DA:8,0
DA:9,0
DA:11,0
DA:12,0
DA:13,0
DA:15,0
DA:16,0
DA:17,0
DA:20,0
LF:15
LH:0
BRDA:1,0,0,0
BRF:1
BRH:0
end_of_record
TN:
SF:src\index.ts
FN:1,(empty-report)
FNF:1
FNH:1
FNDA:1,(empty-report)
DA:33,0
DA:41,0
DA:50,0
DA:51,0
DA:54,0
LF:5
LH:0
BRDA:1,0,0,1
BRF:1
BRH:1
end_of_record
TN:
SF:src\adapters\types.ts
FN:1,(empty-report)
FNF:1
FNH:1
FNDA:1,(empty-report)
LF:0
LH:0
BRDA:1,0,0,1
BRF:1
BRH:1
end_of_record
TN:
SF:src\adapters\html\index.ts
FN:20,<instance_members_initializer>
FN:23,render
FN:110,renderBlock
FN:159,renderTableHtml
FN:217,renderImageHtml
FN:240,renderColumnsHtml
FN:261,baseStylesCss
FN:283,textStyles
FN:313,dividerStyles
FN:346,buildHtmlDocument
FN:409,absoluteStylesCss
FNF:11
FNH:8
FNDA:1,<instance_members_initializer>
FNDA:2,render
FNDA:8,renderBlock
FNDA:0,renderTableHtml
FNDA:0,renderImageHtml
FNDA:0,renderColumnsHtml
FNDA:8,baseStylesCss
FNDA:4,textStyles
FNDA:2,dividerStyles
FNDA:2,buildHtmlDocument
FNDA:8,absoluteStylesCss
DA:8,1
DA:20,1
DA:21,1
DA:23,1
DA:24,2
DA:25,2
DA:26,2
DA:27,2
DA:28,2
DA:30,2
DA:31,2
DA:32,2
DA:34,2
DA:35,2
DA:36,2
DA:37,2
DA:38,2
DA:39,2
DA:41,2
DA:42,2
DA:44,2
DA:45,2
DA:46,2
DA:47,2
DA:48,2
DA:49,2
DA:51,2
DA:52,2
DA:53,2
DA:55,2
DA:56,0
DA:57,0
DA:59,2
DA:61,2
DA:63,2
DA:64,0
DA:65,2
DA:66,2
DA:67,0
DA:68,2
DA:70,2
DA:71,2
DA:72,2
DA:74,2
DA:75,2
DA:76,2
DA:78,2
DA:79,2
DA:80,2
DA:81,2
DA:82,2
DA:83,2
DA:84,2
DA:85,2
DA:86,2
DA:87,2
DA:88,2
DA:89,2
DA:90,2
DA:91,2
DA:92,2
DA:94,2
DA:95,2
DA:96,2
DA:97,2
DA:98,2
DA:99,2
DA:100,2
DA:101,2
DA:102,2
DA:103,2
DA:104,1
DA:110,8
DA:111,8
DA:112,8
DA:113,8
DA:114,8
DA:115,8
DA:116,8
DA:117,2
DA:119,8
DA:120,2
DA:122,8
DA:123,0
DA:125,8
DA:126,0
DA:128,8
DA:129,2
DA:131,8
DA:132,2
DA:134,8
DA:135,0
DA:137,8
DA:138,0
DA:140,8
DA:141,8
DA:142,0
DA:143,0
DA:144,0
DA:146,8
DA:148,0
DA:149,0
DA:150,0
DA:151,0
DA:152,0
DA:153,0
DA:154,0
DA:155,0
DA:156,8
DA:157,8
DA:159,0
DA:160,0
DA:161,0
DA:162,0
DA:163,0
DA:164,0
DA:166,0
DA:167,0
DA:168,0
DA:169,0
DA:170,0
DA:171,0
DA:172,0
DA:173,0
DA:175,0
DA:176,0
DA:177,0
DA:179,0
DA:180,0
DA:181,0
DA:182,0
DA:183,0
DA:184,0
DA:186,0
DA:187,0
DA:188,0
DA:189,0
DA:190,0
DA:191,0
DA:193,0
DA:194,0
DA:195,0
DA:196,0
DA:197,0
DA:198,0
DA:199,0
DA:200,0
DA:201,0
DA:203,0
DA:204,0
DA:205,0
DA:207,0
DA:208,0
DA:210,0
DA:211,0
DA:212,0
DA:213,0
DA:215,0
DA:217,0
DA:218,0
DA:219,0
DA:220,0
DA:221,0
DA:222,0
DA:224,0
DA:225,0
DA:226,0
DA:227,0
DA:228,0
DA:229,0
DA:230,0
DA:231,0
DA:233,0
DA:234,0
DA:235,0
DA:237,0
DA:238,0
DA:240,0
DA:241,0
DA:242,0
DA:243,0
DA:244,0
DA:245,0
DA:246,0
DA:247,0
DA:248,0
DA:249,0
DA:250,0
DA:251,0
DA:252,0
DA:254,0
DA:255,0
DA:261,8
DA:270,8
DA:271,8
DA:272,8
DA:273,8
DA:274,8
DA:275,8
DA:276,8
DA:277,8
DA:278,8
DA:279,8
DA:280,8
DA:281,8
DA:283,4
DA:300,4
DA:301,4
DA:302,4
DA:303,4
DA:304,4
DA:305,4
DA:306,4
DA:307,4
DA:308,4
DA:309,4
DA:310,4
DA:311,4
DA:313,2
DA:319,2
DA:320,2
DA:321,2
DA:322,2
DA:323,2
DA:324,2
DA:346,2
DA:347,2
DA:352,2
DA:365,2
DA:366,2
DA:368,2
DA:376,2
DA:377,2
DA:378,2
DA:385,2
DA:386,2
DA:387,2
DA:393,2
DA:394,2
DA:401,2
DA:402,2
DA:403,2
DA:407,2
DA:409,8
DA:410,8
DA:411,8
DA:412,8
DA:413,8
DA:414,8
DA:416,8
DA:417,2
DA:418,2
DA:419,2
DA:420,8
DA:421,8
LF:255
LH:154
BRDA:20,0,0,1
BRDA:23,1,0,2
BRDA:55,2,0,0
BRDA:63,3,0,0
BRDA:66,4,0,0
BRDA:70,5,0,0
BRDA:71,6,0,0
BRDA:72,7,0,0
BRDA:74,8,0,0
BRDA:75,9,0,0
BRDA:76,10,0,0
BRDA:31,11,0,8
BRDA:35,12,0,8
BRDA:38,13,0,8
BRDA:41,14,0,8
BRDA:42,15,0,8
BRDA:52,16,0,8
BRDA:110,17,0,8
BRDA:116,18,0,2
BRDA:119,19,0,2
BRDA:122,20,0,0
BRDA:125,21,0,0
BRDA:128,22,0,2
BRDA:131,23,0,2
BRDA:134,24,0,0
BRDA:137,25,0,0
BRDA:140,26,0,0
BRDA:141,27,0,0
BRDA:146,28,0,0
BRDA:261,29,0,8
BRDA:272,30,0,0
BRDA:273,31,0,0
BRDA:274,32,0,0
BRDA:275,33,0,0
BRDA:276,34,0,0
BRDA:277,35,0,0
BRDA:278,36,0,0
BRDA:279,37,0,0
BRDA:283,38,0,4
BRDA:302,39,0,2
BRDA:304,40,0,0
BRDA:305,41,0,0
BRDA:306,42,0,0
BRDA:307,43,0,0
BRDA:308,44,0,0
BRDA:309,45,0,0
BRDA:313,46,0,2
BRDA:322,47,0,0
BRDA:322,48,0,0
BRDA:346,49,0,2
BRDA:365,50,0,0
BRDA:366,51,0,0
BRDA:401,52,0,0
BRDA:403,53,0,0
BRDA:409,54,0,8
BRDA:411,55,0,0
BRDA:412,56,0,0
BRDA:413,57,0,0
BRDA:414,58,0,2
BRDA:416,59,0,2
BRF:60
BRH:21
end_of_record
TN:
SF:src\adapters\pdfkit\index.ts
FN:22,<instance_members_initializer>
FN:25,render
FN:176,output
FNF:3
FNH:3
FNDA:2,<instance_members_initializer>
FNDA:10,render
FNDA:10,output
DA:2,1
DA:3,1
DA:4,1
DA:5,1
DA:6,1
DA:7,1
DA:8,1
DA:9,1
DA:11,1
DA:20,1
DA:22,1
DA:23,2
DA:25,2
DA:26,10
DA:27,10
DA:28,10
DA:29,10
DA:30,10
DA:32,10
DA:33,10
DA:34,10
DA:35,10
DA:36,10
DA:37,10
DA:38,10
DA:39,10
DA:40,10
DA:41,10
DA:42,0
DA:43,0
DA:44,10
DA:45,0
DA:46,10
DA:47,10
DA:48,10
DA:52,10
DA:53,10
DA:54,10
DA:55,10
DA:56,10
DA:57,10
DA:58,10
DA:60,10
DA:62,10
DA:63,15
DA:64,0
DA:65,0
DA:66,15
DA:68,15
DA:69,1
DA:70,1
DA:72,15
DA:73,15
DA:75,15
DA:76,2
DA:77,2
DA:78,2
DA:80,15
DA:81,15
DA:82,15
DA:83,15
DA:85,10
DA:86,10
DA:87,10
DA:89,10
DA:90,12
DA:92,12
DA:93,12
DA:94,12
DA:95,12
DA:96,12
DA:97,12
DA:99,12
DA:100,12
DA:101,12
DA:102,12
DA:103,12
DA:105,12
DA:106,0
DA:107,0
DA:108,0
DA:109,0
DA:110,0
DA:111,0
DA:112,0
DA:113,0
DA:114,0
DA:115,0
DA:116,0
DA:117,0
DA:118,0
DA:119,0
DA:120,0
DA:121,0
DA:122,0
DA:123,0
DA:124,0
DA:125,0
DA:127,0
DA:128,0
DA:130,0
DA:131,0
DA:133,0
DA:134,0
DA:135,0
DA:136,0
DA:137,0
DA:139,12
DA:140,0
DA:141,0
DA:142,0
DA:143,0
DA:144,0
DA:145,0
DA:146,0
DA:147,0
DA:148,0
DA:149,0
DA:150,0
DA:151,0
DA:152,0
DA:153,0
DA:154,0
DA:155,0
DA:156,0
DA:157,0
DA:158,0
DA:159,0
DA:160,0
DA:162,0
DA:163,0
DA:165,0
DA:166,0
DA:168,0
DA:169,0
DA:170,0
DA:171,0
DA:172,0
DA:173,12
DA:176,10
DA:177,10
DA:178,10
DA:179,10
DA:180,10
DA:181,10
DA:182,10
DA:184,10
DA:185,10
DA:186,10
DA:187,10
DA:188,10
DA:189,10
DA:190,10
DA:191,10
DA:192,10
DA:193,10
DA:194,2
LF:157
LH:93
BRDA:22,0,0,2
BRDA:25,1,0,10
BRDA:39,2,0,0
BRDA:40,3,0,0
BRDA:41,4,0,0
BRDA:44,5,0,0
BRDA:62,6,0,15
BRDA:63,7,0,0
BRDA:66,8,0,13
BRDA:68,9,0,1
BRDA:73,10,0,13
BRDA:75,11,0,13
BRDA:75,12,0,2
BRDA:89,13,0,12
BRDA:105,14,0,0
BRDA:139,15,0,0
BRDA:85,16,0,15
BRDA:86,17,0,15
BRDA:176,18,0,10
BRDA:178,19,0,696
BRDA:179,20,0,10
BRF:21
BRH:14
end_of_record
TN:
SF:src\adapters\pdfkit\registry.ts
FN:29,createBlockRenderer
FN:41,registerPdfBlockRenderer
FN:48,getPdfBlockRenderer
FN:73,checkPageBreak
FN:85,resolveColor
FN:95,resolve
FNF:6
FNH:6
FNDA:20,createBlockRenderer
FNDA:20,registerPdfBlockRenderer
FNDA:15,getPdfBlockRenderer
FNDA:5,checkPageBreak
FNDA:27,resolveColor
FNDA:53,resolve
DA:3,1
DA:29,1
DA:30,20
DA:31,20
DA:32,20
DA:33,20
DA:39,1
DA:41,1
DA:42,20
DA:43,20
DA:44,20
DA:45,20
DA:46,20
DA:48,1
DA:49,15
DA:51,15
DA:53,0
DA:54,0
DA:55,0
DA:56,0
DA:57,0
DA:58,0
DA:59,0
DA:60,0
DA:62,15
DA:63,15
DA:73,1
DA:74,5
DA:75,2
DA:76,2
DA:77,5
DA:78,0
DA:79,0
DA:80,5
DA:85,1
DA:86,27
DA:87,27
DA:88,27
DA:89,27
DA:90,27
DA:95,1
DA:96,53
DA:97,53
LF:43
LH:33
BRDA:29,0,0,20
BRDA:41,1,0,20
BRDA:48,2,0,15
BRDA:51,3,0,0
BRDA:73,4,0,5
BRDA:74,5,0,2
BRDA:76,6,0,3
BRDA:77,7,0,0
BRDA:85,8,0,27
BRDA:89,9,0,21
BRDA:95,10,0,53
BRF:11
BRH:9
end_of_record
TN:
SF:src\adapters\pdfkit\blocks\columns.ts
FN:9,renderColumns
FN:54,renderHeaderOrFooter
FNF:2
FNH:0
FNDA:0,renderColumns
FNDA:0,renderHeaderOrFooter
DA:3,1
DA:9,0
DA:10,0
DA:11,0
DA:12,0
DA:14,0
DA:15,0
DA:16,0
DA:18,0
DA:19,0
DA:20,0
DA:21,0
DA:23,0
DA:24,0
DA:27,0
DA:28,0
DA:30,0
DA:31,0
DA:32,0
DA:33,0
DA:34,0
DA:35,0
DA:36,0
DA:38,0
DA:39,0
DA:40,0
DA:41,0
DA:42,0
DA:43,0
DA:45,0
DA:46,0
DA:47,0
DA:50,0
DA:51,0
DA:52,0
DA:54,0
DA:55,0
DA:56,0
DA:57,0
DA:59,0
DA:60,0
DA:61,0
DA:63,1
DA:64,1
DA:65,1
LF:45
LH:4
BRF:0
BRH:0
end_of_record
TN:
SF:src\adapters\pdfkit\blocks\divider.ts
FN:5,renderDivider
FNF:1
FNH:1
FNDA:1,renderDivider
DA:3,1
DA:5,1
DA:6,1
DA:7,1
DA:8,1
DA:10,1
DA:11,1
DA:12,1
DA:13,1
DA:15,1
DA:16,1
DA:17,1
DA:19,1
DA:20,1
DA:21,1
DA:23,1
DA:24,1
DA:25,1
DA:26,1
DA:27,1
DA:28,1
DA:30,1
DA:31,1
DA:32,1
DA:33,1
DA:35,1
LF:26
LH:26
BRDA:5,0,0,1
BRDA:11,1,0,0
BRDA:12,2,0,0
BRDA:13,3,0,0
BRF:4
BRH:1
end_of_record
TN:
SF:src\adapters\pdfkit\blocks\heading.ts
FN:20,renderHeading
FNF:1
FNH:1
FNDA:2,renderHeading
DA:3,1
DA:11,1
DA:12,1
DA:13,1
DA:14,1
DA:15,1
DA:16,1
DA:17,1
DA:18,1
DA:20,2
DA:21,2
DA:23,2
DA:24,2
DA:25,2
DA:26,2
DA:28,2
DA:29,2
DA:30,2
DA:31,2
DA:32,2
DA:33,2
DA:34,2
DA:35,2
DA:36,2
DA:37,2
DA:39,2
DA:40,2
DA:42,1
LF:28
LH:28
BRDA:20,0,0,2
BRDA:24,1,0,0
BRDA:26,2,0,1
BRDA:35,3,0,1
BRDA:36,4,0,1
BRF:5
BRH:4
end_of_record
TN:
SF:src\adapters\pdfkit\blocks\image.ts
FN:5,renderImage
FNF:1
FNH:0
FNDA:0,renderImage
DA:3,1
DA:5,0
DA:6,0
DA:8,0
DA:10,0
DA:11,0
DA:12,0
DA:13,0
DA:14,0
DA:15,0
DA:16,0
DA:17,0
DA:20,0
DA:21,0
DA:23,0
DA:24,0
DA:26,0
DA:27,0
DA:28,0
DA:29,0
DA:31,0
DA:32,0
DA:34,0
DA:36,0
DA:37,0
DA:38,0
DA:39,0
DA:40,0
DA:43,0
DA:44,0
DA:45,0
DA:46,0
DA:47,0
DA:48,0
DA:49,0
DA:50,0
DA:51,0
DA:52,0
DA:53,0
DA:54,0
DA:55,0
DA:56,0
DA:58,1
LF:43
LH:2
BRF:0
BRH:0
end_of_record
TN:
SF:src\adapters\pdfkit\blocks\page-break.ts
FN:5,renderPageBreak
FNF:1
FNH:1
FNDA:1,renderPageBreak
DA:3,1
DA:5,1
DA:6,1
DA:7,1
DA:9,1
LF:5
LH:5
BRDA:5,0,0,1
BRF:1
BRH:1
end_of_record
TN:
SF:src\adapters\pdfkit\blocks\paragraph.ts
FN:11,renderParagraph
FNF:1
FNH:1
FNDA:3,renderParagraph
DA:3,1
DA:11,3
DA:12,3
DA:14,3
DA:15,3
DA:16,3
DA:17,3
DA:19,3
DA:20,3
DA:21,0
DA:22,3
DA:24,3
DA:25,3
DA:26,3
DA:27,3
DA:28,3
DA:29,3
DA:30,3
DA:31,3
DA:32,3
DA:33,3
DA:35,3
DA:36,3
DA:38,1
LF:24
LH:23
BRDA:11,0,0,3
BRDA:15,1,0,0
BRDA:20,2,0,0
BRDA:30,3,0,2
BRDA:31,4,0,1
BRDA:32,5,0,1
BRF:6
BRH:4
end_of_record
TN:
SF:src\adapters\pdfkit\blocks\spacer.ts
FN:5,renderSpacer
FNF:1
FNH:1
FNDA:1,renderSpacer
DA:3,1
DA:5,1
DA:7,1
DA:8,1
DA:10,1
LF:5
LH:5
BRDA:5,0,0,1
BRF:1
BRH:1
end_of_record
TN:
SF:src\adapters\pdfkit\blocks\table.ts
FN:11,estimateRowHeight
FN:55,drawRow
FN:115,drawTableBorderForPage
FN:131,renderTable
FN:184,drawHeader
FNF:5
FNH:5
FNDA:36,estimateRowHeight
FNDA:18,drawRow
FNDA:7,drawTableBorderForPage
FNDA:7,renderTable
FNDA:7,drawHeader
DA:3,1
DA:9,1
DA:11,36
DA:12,36
DA:13,36
DA:14,36
DA:15,36
DA:16,36
DA:17,36
DA:18,36
DA:19,36
DA:20,36
DA:21,36
DA:22,36
DA:24,36
DA:25,36
DA:27,36
DA:29,36
DA:30,52
DA:31,52
DA:32,52
DA:33,20
DA:34,52
DA:35,32
DA:36,32
DA:37,32
DA:38,32
DA:39,32
DA:40,32
DA:41,32
DA:43,52
DA:44,52
DA:45,52
DA:46,52
DA:47,36
DA:49,36
DA:50,36
DA:52,36
DA:53,36
DA:55,18
DA:56,18
DA:57,18
DA:58,18
DA:59,18
DA:60,18
DA:61,18
DA:62,18
DA:63,18
DA:64,18
DA:65,18
DA:66,18
DA:67,18
DA:68,18
DA:69,18
DA:70,18
DA:71,18
DA:72,18
DA:73,18
DA:74,18
DA:75,18
DA:76,18
DA:77,18
DA:78,18
DA:80,18
DA:81,8
DA:82,8
DA:83,8
DA:85,18
DA:86,18
DA:88,18
DA:89,26
DA:90,26
DA:91,26
DA:92,10
DA:93,10
DA:94,26
DA:95,16
DA:96,16
DA:97,16
DA:98,16
DA:99,16
DA:100,16
DA:101,16
DA:102,16
DA:104,26
DA:105,26
DA:106,26
DA:107,26
DA:109,26
DA:110,18
DA:112,18
DA:113,18
DA:115,7
DA:116,7
DA:117,7
DA:118,7
DA:119,7
DA:120,7
DA:121,7
DA:122,7
DA:123,7
DA:124,7
DA:125,7
DA:126,7
DA:127,7
DA:128,7
DA:129,7
DA:131,7
DA:132,7
DA:134,7
DA:135,7
DA:137,7
DA:140,3
DA:141,3
DA:142,3
DA:143,3
DA:144,2
DA:145,1
DA:146,3
DA:147,3
DA:149,7
DA:150,7
DA:151,7
DA:152,7
DA:153,7
DA:155,7
DA:156,7
DA:157,7
DA:159,7
DA:160,10
DA:161,10
DA:162,7
DA:164,7
DA:165,7
DA:167,7
DA:168,7
DA:169,7
DA:170,7
DA:171,7
DA:172,7
DA:173,7
DA:174,7
DA:175,7
DA:176,7
DA:178,7
DA:179,7
DA:180,0
DA:181,0
DA:182,0
DA:184,7
DA:185,7
DA:186,7
DA:187,7
DA:188,7
DA:189,7
DA:190,7
DA:191,7
DA:192,7
DA:193,7
DA:194,7
DA:195,7
DA:196,7
DA:197,7
DA:198,7
DA:200,7
DA:201,7
DA:202,7
DA:203,7
DA:205,7
DA:206,7
DA:209,7
DA:210,7
DA:211,4
DA:212,4
DA:213,11
DA:214,4
DA:215,4
DA:216,3
DA:217,3
DA:218,4
DA:220,7
DA:222,11
DA:223,11
DA:224,11
DA:225,11
DA:226,11
DA:227,11
DA:228,11
DA:229,11
DA:230,11
DA:231,11
DA:233,11
DA:234,0
DA:235,0
DA:236,0
DA:237,0
DA:238,0
DA:239,0
DA:240,0
DA:241,0
DA:242,0
DA:244,0
DA:246,0
DA:247,0
DA:249,0
DA:250,0
DA:251,0
DA:253,11
DA:254,11
DA:256,11
DA:257,11
DA:258,11
DA:259,11
DA:260,11
DA:261,11
DA:262,11
DA:263,11
DA:264,11
DA:265,11
DA:266,11
DA:267,11
DA:268,11
DA:270,11
DA:271,11
DA:272,11
DA:273,11
DA:274,11
DA:275,11
DA:277,11
DA:278,11
DA:279,7
DA:281,7
DA:282,7
DA:283,7
DA:284,7
DA:285,7
DA:286,7
DA:287,7
DA:288,7
DA:289,7
DA:291,7
DA:292,7
DA:293,7
DA:295,1
LF:244
LH:226
BRDA:11,0,0,36
BRDA:27,1,0,14
BRDA:27,2,0,22
BRDA:29,3,0,52
BRDA:30,4,0,0
BRDA:32,5,0,20
BRDA:34,6,0,32
BRDA:55,7,0,18
BRDA:80,8,0,8
BRDA:86,9,0,7
BRDA:86,10,0,11
BRDA:81,11,0,12
BRDA:88,12,0,26
BRDA:89,13,0,0
BRDA:91,14,0,10
BRDA:94,15,0,16
BRDA:115,16,0,7
BRDA:131,17,0,7
BRDA:137,18,0,5
BRDA:137,19,0,3
BRDA:143,20,0,2
BRDA:144,21,0,1
BRDA:149,22,0,0
BRDA:150,23,0,0
BRDA:179,24,0,0
BRDA:205,25,0,6
BRDA:210,26,0,5
BRDA:210,27,0,4
BRDA:215,28,0,3
BRDA:288,29,0,6
BRDA:159,30,0,10
BRDA:184,31,0,7
BRDA:212,32,0,11
BRDA:220,33,0,11
BRDA:233,34,0,0
BRDA:254,35,0,2
BRDA:254,36,0,1
BRDA:254,37,0,10
BRF:38
BRH:32
end_of_record
TN:
SF:src\parser\interpolate.ts
FN:32,resolvePayload
FN:81,interpolate
FN:96,interpolateHtml
FN:110,escapeHtml
FN:127,extractVariables
FNF:5
FNH:5
FNDA:90,resolvePayload
FNDA:65,interpolate
FNDA:7,interpolateHtml
FNDA:9,escapeHtml
FNDA:4,extractVariables
DA:12,1
DA:14,1
DA:15,1
DA:16,1
DA:17,1
DA:18,1
DA:19,1
DA:20,1
DA:21,1
DA:22,1
DA:24,1
DA:32,1
DA:33,90
DA:34,90
DA:35,90
DA:36,90
DA:38,90
DA:39,1
DA:40,1
DA:42,89
DA:44,90
DA:45,159
DA:47,159
DA:48,3
DA:49,3
DA:51,159
DA:52,1
DA:53,1
DA:55,159
DA:56,0
DA:57,0
DA:59,159
DA:60,23
DA:61,23
DA:63,132
DA:64,132
DA:66,90
DA:67,0
DA:68,0
DA:70,62
DA:71,62
DA:81,1
DA:82,65
DA:83,65
DA:84,65
DA:85,65
DA:86,66
DA:87,66
DA:88,66
DA:89,65
DA:90,65
DA:96,1
DA:97,7
DA:98,7
DA:99,7
DA:100,7
DA:101,5
DA:102,5
DA:103,5
DA:104,7
DA:105,7
DA:110,1
DA:111,9
DA:112,9
DA:113,9
DA:114,9
DA:115,9
DA:116,9
DA:117,9
DA:127,1
DA:128,4
DA:129,4
DA:131,4
DA:132,4
DA:133,5
DA:134,5
DA:135,5
DA:136,5
DA:137,5
DA:139,4
DA:140,4
LF:81
LH:77
BRDA:32,0,0,90
BRDA:38,1,0,1
BRDA:40,2,0,89
BRDA:44,3,0,159
BRDA:47,4,0,3
BRDA:49,5,0,156
BRDA:51,6,0,155
BRDA:51,7,0,1
BRDA:53,8,0,155
BRDA:55,9,0,0
BRDA:57,10,0,155
BRDA:59,11,0,23
BRDA:61,12,0,132
BRDA:64,13,0,62
BRDA:66,14,0,0
BRDA:68,15,0,62
BRDA:81,16,0,65
BRDA:85,17,0,66
BRDA:87,18,0,0
BRDA:96,19,0,7
BRDA:100,20,0,5
BRDA:102,21,0,0
BRDA:110,22,0,9
BRDA:127,23,0,4
BRDA:132,24,0,5
BRF:25
BRH:21
end_of_record
TN:
SF:src\schema\types.ts
FN:1,(empty-report)
FNF:1
FNH:1
FNDA:1,(empty-report)
LF:0
LH:0
BRDA:1,0,0,1
BRF:1
BRH:1
end_of_record
TN:
SF:src\schema\validator.ts
FN:284,<instance_members_initializer>
FN:285,SchemaValidationError
FN:298,validateSchema
FN:319,safeValidateSchema
FNF:4
FNH:4
FNDA:8,<instance_members_initializer>
FNDA:8,SchemaValidationError
FNDA:14,validateSchema
FNDA:5,safeValidateSchema
DA:1,1
DA:8,1
DA:9,1
DA:10,1
DA:12,1
DA:13,1
DA:14,1
DA:15,1
DA:16,1
DA:17,1
DA:18,1
DA:19,1
DA:20,1
DA:21,1
DA:22,1
DA:23,1
DA:24,1
DA:25,1
DA:27,1
DA:28,1
DA:29,1
DA:30,1
DA:31,1
DA:32,1
DA:33,1
DA:34,1
DA:35,1
DA:36,1
DA:38,1
DA:39,1
DA:40,1
DA:41,1
DA:42,1
DA:43,1
DA:44,1
DA:45,1
DA:46,1
DA:47,1
DA:48,1
DA:50,1
DA:51,1
DA:52,1
DA:53,1
DA:54,1
DA:55,1
DA:56,1
DA:58,1
DA:59,1
DA:60,1
DA:61,1
DA:62,1
DA:68,1
DA:69,1
DA:70,1
DA:71,1
DA:72,1
DA:73,1
DA:74,1
DA:75,1
DA:76,1
DA:77,1
DA:78,1
DA:79,1
DA:80,1
DA:81,1
DA:82,1
DA:83,1
DA:84,1
DA:85,1
DA:86,1
DA:87,1
DA:88,1
DA:90,1
DA:91,1
DA:92,1
DA:93,1
DA:94,1
DA:95,1
DA:96,1
DA:97,1
DA:98,1
DA:99,1
DA:100,1
DA:101,1
DA:102,1
DA:104,1
DA:105,1
DA:106,1
DA:107,1
DA:108,1
DA:109,1
DA:110,1
DA:111,1
DA:113,1
DA:114,1
DA:115,1
DA:116,1
DA:117,1
DA:118,1
DA:119,1
DA:120,1
DA:121,1
DA:122,1
DA:123,1
DA:124,1
DA:125,1
DA:126,1
DA:128,1
DA:129,1
DA:130,1
DA:131,1
DA:132,1
DA:133,1
DA:134,1
DA:135,1
DA:136,1
DA:137,1
DA:138,1
DA:139,1
DA:140,1
DA:141,1
DA:143,1
DA:144,1
DA:145,1
DA:146,1
DA:147,1
DA:148,1
DA:149,1
DA:150,1
DA:151,1
DA:152,1
DA:153,1
DA:154,1
DA:156,1
DA:157,1
DA:158,1
DA:159,1
DA:160,1
DA:161,1
DA:162,1
DA:163,1
DA:164,1
DA:165,1
DA:166,1
DA:167,1
DA:169,1
DA:170,1
DA:171,1
DA:172,1
DA:173,1
DA:174,1
DA:175,1
DA:176,1
DA:177,1
DA:178,1
DA:179,1
DA:180,1
DA:184,1
DA:185,5
DA:186,5
DA:187,5
DA:188,5
DA:189,5
DA:190,5
DA:191,5
DA:192,5
DA:193,5
DA:194,5
DA:195,5
DA:196,5
DA:197,1
DA:199,1
DA:200,1
DA:201,1
DA:202,1
DA:203,1
DA:204,1
DA:205,1
DA:206,1
DA:207,1
DA:208,1
DA:209,1
DA:210,1
DA:211,1
DA:212,1
DA:213,1
DA:214,1
DA:215,1
DA:216,1
DA:217,1
DA:218,1
DA:219,1
DA:221,1
DA:222,1
DA:223,1
DA:224,1
DA:225,1
DA:226,1
DA:227,1
DA:228,1
DA:229,1
DA:230,1
DA:231,1
DA:232,1
DA:233,1
DA:235,1
DA:236,1
DA:237,1
DA:238,1
DA:239,1
DA:240,1
DA:241,1
DA:242,1
DA:243,1
DA:244,1
DA:245,1
DA:246,1
DA:247,1
DA:253,1
DA:254,1
DA:255,1
DA:256,1
DA:257,1
DA:258,1
DA:260,1
DA:261,1
DA:262,1
DA:263,1
DA:264,1
DA:265,1
DA:266,1
DA:267,1
DA:268,1
DA:269,1
DA:270,1
DA:271,1
DA:273,1
DA:274,1
DA:275,1
DA:276,1
DA:277,1
DA:278,1
DA:284,1
DA:285,8
DA:286,8
DA:287,8
DA:288,8
DA:289,8
DA:290,8
DA:291,8
DA:292,8
DA:298,1
DA:299,14
DA:301,14
DA:302,8
DA:303,8
DA:304,8
DA:306,8
DA:307,8
DA:308,8
DA:309,8
DA:310,8
DA:312,6
DA:313,6
DA:319,1
DA:320,5
DA:323,5
LF:267
LH:267
BRDA:184,0,0,5
BRDA:284,1,0,8
BRDA:285,2,0,8
BRDA:298,3,0,14
BRDA:301,4,0,8
BRDA:310,5,0,6
BRDA:303,6,0,8
BRDA:319,7,0,5
BRF:8
BRH:8
end_of_record
